Determining if the pthread_create exist failed with the following output:
Change Dir: /home/matteo/Scrivania/LabCiberfisico/Elaborato2.1/ParteB/build/circleturtle/CMakeFiles/CMakeTmp

Run Build Command:"/usr/bin/make" "cmTC_3e04a/fast"
/usr/bin/make -f CMakeFiles/cmTC_3e04a.dir/build.make CMakeFiles/cmTC_3e04a.dir/build
make[1]: ingresso nella directory "/home/matteo/Scrivania/LabCiberfisico/Elaborato2.1/ParteB/build/circleturtle/CMakeFiles/CMakeTmp"
Building C object CMakeFiles/cmTC_3e04a.dir/CheckSymbolExists.c.o
/usr/bin/cc    -o CMakeFiles/cmTC_3e04a.dir/CheckSymbolExists.c.o   -c /home/matteo/Scrivania/LabCiberfisico/Elaborato2.1/ParteB/build/circleturtle/CMakeFiles/CMakeTmp/CheckSymbolExists.c
Linking C executable cmTC_3e04a
/usr/bin/cmake -E cmake_link_script CMakeFiles/cmTC_3e04a.dir/link.txt --verbose=1
/usr/bin/cc      -rdynamic CMakeFiles/cmTC_3e04a.dir/CheckSymbolExists.c.o  -o cmTC_3e04a 
CMakeFiles/cmTC_3e04a.dir/CheckSymbolExists.c.o: nella funzione "main":
CheckSymbolExists.c:(.text+0x1b): riferimento non definito a "pthread_create"
collect2: error: ld returned 1 exit status
CMakeFiles/cmTC_3e04a.dir/build.make:97: recipe for target 'cmTC_3e04a' failed
make[1]: *** [cmTC_3e04a] Error 1
make[1]: uscita dalla directory "/home/matteo/Scrivania/LabCiberfisico/Elaborato2.1/ParteB/build/circleturtle/CMakeFiles/CMakeTmp"
Makefile:126: recipe for target 'cmTC_3e04a/fast' failed
make: *** [cmTC_3e04a/fast] Error 2

File /home/matteo/Scrivania/LabCiberfisico/Elaborato2.1/ParteB/build/circleturtle/CMakeFiles/CMakeTmp/CheckSymbolExists.c:
/* */
#include <pthread.h>

int main(int argc, char** argv)
{
  (void)argv;
#ifndef pthread_create
  return ((int*)(&pthread_create))[argc];
#else
  (void)argc;
  return 0;
#endif
}

Determining if the function pthread_create exists in the pthreads failed with the following output:
Change Dir: /home/matteo/Scrivania/LabCiberfisico/Elaborato2.1/ParteB/build/circleturtle/CMakeFiles/CMakeTmp

Run Build Command:"/usr/bin/make" "cmTC_43b19/fast"
/usr/bin/make -f CMakeFiles/cmTC_43b19.dir/build.make CMakeFiles/cmTC_43b19.dir/build
make[1]: ingresso nella directory "/home/matteo/Scrivania/LabCiberfisico/Elaborato2.1/ParteB/build/circleturtle/CMakeFiles/CMakeTmp"
Building C object CMakeFiles/cmTC_43b19.dir/CheckFunctionExists.c.o
/usr/bin/cc   -DCHECK_FUNCTION_EXISTS=pthread_create   -o CMakeFiles/cmTC_43b19.dir/CheckFunctionExists.c.o   -c /usr/share/cmake-3.10/Modules/CheckFunctionExists.c
Linking C executable cmTC_43b19
/usr/bin/cmake -E cmake_link_script CMakeFiles/cmTC_43b19.dir/link.txt --verbose=1
/usr/bin/cc  -DCHECK_FUNCTION_EXISTS=pthread_create    -rdynamic CMakeFiles/cmTC_43b19.dir/CheckFunctionExists.c.o  -o cmTC_43b19 -lpthreads 
/usr/bin/ld: impossibile trovare -lpthreads
collect2: error: ld returned 1 exit status
CMakeFiles/cmTC_43b19.dir/build.make:97: recipe for target 'cmTC_43b19' failed
make[1]: *** [cmTC_43b19] Error 1
make[1]: uscita dalla directory "/home/matteo/Scrivania/LabCiberfisico/Elaborato2.1/ParteB/build/circleturtle/CMakeFiles/CMakeTmp"
Makefile:126: recipe for target 'cmTC_43b19/fast' failed
make: *** [cmTC_43b19/fast] Error 2


