[  0%] Built target std_srvs_generate_messages_py
[  0%] Built target rosgraph_msgs_generate_messages_eus
[  0%] Built target rosgraph_msgs_generate_messages_lisp
[  0%] Built target std_msgs_generate_messages_py
[  0%] Built target roscpp_generate_messages_py
[  0%] Built target roscpp_generate_messages_nodejs
[  0%] Built target std_srvs_generate_messages_lisp
[  0%] Built target std_srvs_generate_messages_cpp
[  0%] Built target rosgraph_msgs_generate_messages_py
[  0%] Built target rosgraph_msgs_generate_messages_cpp
[  0%] Built target std_msgs_generate_messages_eus
[  0%] Built target geometry_msgs_generate_messages_eus
[  0%] Built target std_msgs_generate_messages_cpp
[  0%] Built target turtlesim_generate_messages_cpp
[  0%] Built target std_msgs_generate_messages_lisp
[  0%] Built target roscpp_generate_messages_eus
[  0%] Built target roscpp_generate_messages_lisp
[  0%] Built target roscpp_generate_messages_cpp
[  0%] Built target turtlesim_generate_messages_eus
[  0%] Built target std_msgs_generate_messages_nodejs
[  0%] Built target geometry_msgs_generate_messages_nodejs
[  0%] Built target std_srvs_generate_messages_nodejs
[  0%] Built target rosgraph_msgs_generate_messages_nodejs
[  0%] Built target geometry_msgs_generate_messages_py
[  0%] Built target turtlesim_generate_messages_lisp
[  0%] Built target turtlesim_generate_messages_py
[  0%] Built target geometry_msgs_generate_messages_cpp
[  0%] Built target turtlesim_generate_messages_nodejs
[  0%] Built target geometry_msgs_generate_messages_lisp
[  0%] Built target std_srvs_generate_messages_eus
[35m[1mScanning dependencies of target circleturtle[0m
[ 50%] [32mBuilding CXX object CMakeFiles/circleturtle.dir/src/circleturtle.cpp.o[0m
[01m[K/home/matteo/Scrivania/Lab. Ciberfisico/Elaborato2.1/ParteB/src/circleturtle/src/circleturtle.cpp:[m[K In function ‘[01m[Kint main(int, char**)[m[K’:
[01m[K/home/matteo/Scrivania/Lab. Ciberfisico/Elaborato2.1/ParteB/src/circleturtle/src/circleturtle.cpp:45:11:[m[K [01;31m[Kerror: [m[K‘[01m[Kcount[m[K’ was not declared in this scope
         ++[01;31m[Kcount[m[K;
           [01;31m[K^~~~~[m[K
[01m[K/home/matteo/Scrivania/Lab. Ciberfisico/Elaborato2.1/ParteB/src/circleturtle/src/circleturtle.cpp:45:11:[m[K [01;36m[Knote: [m[Ksuggested alternative:
In file included from [01m[K/usr/include/c++/7/algorithm:62:0[m[K,
                 from [01m[K/usr/include/boost/math/tools/config.hpp:18[m[K,
                 from [01m[K/usr/include/boost/math/special_functions/round.hpp:13[m[K,
                 from [01m[K/opt/ros/melodic/include/ros/time.h:58[m[K,
                 from [01m[K/opt/ros/melodic/include/ros/ros.h:38[m[K,
                 from [01m[K/home/matteo/Scrivania/Lab. Ciberfisico/Elaborato2.1/ParteB/src/circleturtle/src/circleturtle.cpp:2[m[K:
[01m[K/usr/include/c++/7/bits/stl_algo.h:4076:5:[m[K [01;36m[Knote: [m[K  ‘[01m[Kstd::count[m[K’
     [01;36m[Kcount[m[K(_InputIterator __first, _InputIterator __last, const _Tp& __value)
     [01;36m[K^~~~~[m[K
CMakeFiles/circleturtle.dir/build.make:62: recipe for target 'CMakeFiles/circleturtle.dir/src/circleturtle.cpp.o' failed
make[2]: *** [CMakeFiles/circleturtle.dir/src/circleturtle.cpp.o] Error 1
CMakeFiles/Makefile2:288: recipe for target 'CMakeFiles/circleturtle.dir/all' failed
make[1]: *** [CMakeFiles/circleturtle.dir/all] Error 2
Makefile:140: recipe for target 'all' failed
make: *** [all] Error 2
